[29/May/2016 04:57:45] "GET /vendas/admin/vendas/produtos/ HTTP/1.1" 200 45940
[29/May/2016 04:57:45] "GET /static/admin/js/jquery-migrate-1.2.1.min.js HTTP/1.1" 304 0
[29/May/2016 04:57:45] "GET /static/bootstrap/js/bootstrap.min.js HTTP/1.1" 304 0
[29/May/2016 04:57:45] "GET /static/admin/css/overrides.css HTTP/1.1" 304 0
[29/May/2016 04:57:45] "GET /static/bootstrap/css/bootstrap.min.css HTTP/1.1" 304 0
[29/May/2016 04:57:45] "GET /vendas/admin/jsi18n/ HTTP/1.1" 200 6605
[29/May/2016 04:57:45] "GET /static/admin/js/jquery-1.9.1.min.js HTTP/1.1" 304 0
[29/May/2016 04:57:45] "GET /static/admin/css/changelists.css HTTP/1.1" 304 0
[29/May/2016 04:57:45] "GET /static/admin/js/core.js HTTP/1.1" 304 0
[29/May/2016 04:57:45] "GET /static/admin/js/admin/RelatedObjectLookups.js HTTP/1.1" 304 0
[29/May/2016 04:57:46] "GET /static/admin/js/jquery.js HTTP/1.1" 304 0
[29/May/2016 04:57:46] "GET /static/admin/js/actions.js HTTP/1.1" 304 0
[29/May/2016 04:57:46] "GET /static/admin/js/jquery.init.js HTTP/1.1" 304 0
[29/May/2016 04:57:46] "GET /static/bootstrap/fonts/glyphicons-halflings-regular.woff HTTP/1.1" 304 0
[29/May/2016 04:59:12] "GET /vendas/admin/ HTTP/1.1" 302 0
[29/May/2016 04:59:13] "GET /vendas/admin/login/?next=/vendas/admin/ HTTP/1.1" 200 4358
[29/May/2016 04:59:13] "GET /static/bootstrap/css/bootstrap.min.css HTTP/1.1" 200 122540
[29/May/2016 04:59:13] "GET /static/bootstrap/js/bootstrap.min.js HTTP/1.1" 200 36816
[29/May/2016 04:59:13] "GET /static/admin/js/jquery-migrate-1.2.1.min.js HTTP/1.1" 200 7199
[29/May/2016 04:59:13] "GET /static/admin/js/jquery-1.9.1.min.js HTTP/1.1" 200 92629
[29/May/2016 04:59:13] "GET /static/admin/css/overrides.css HTTP/1.1" 200 5463
[29/May/2016 04:59:21] "POST /vendas/admin/login/?next=/vendas/admin/ HTTP/1.1" 302 0
[29/May/2016 04:59:21] "GET /vendas/admin/ HTTP/1.1" 200 19199
[29/May/2016 04:59:21] "GET /static/admin/css/dashboard.css HTTP/1.1" 200 434
[29/May/2016 04:59:22] "GET /static/bootstrap/fonts/glyphicons-halflings-regular.woff HTTP/1.1" 200 23424
[29/May/2016 04:59:25] "GET /vendas/admin/vendas/clientes/ HTTP/1.1" 200 15000
[29/May/2016 04:59:26] "GET /static/admin/css/changelists.css HTTP/1.1" 200 235
[29/May/2016 04:59:26] "GET /vendas/admin/jsi18n/ HTTP/1.1" 200 6605
[29/May/2016 04:59:26] "GET /static/admin/js/core.js HTTP/1.1" 200 7705
[29/May/2016 04:59:26] "GET /static/admin/js/jquery.js HTTP/1.1" 200 284184
[29/May/2016 04:59:26] "GET /static/admin/js/admin/RelatedObjectLookups.js HTTP/1.1" 200 4680
[29/May/2016 04:59:26] "GET /static/admin/js/actions.js HTTP/1.1" 200 4910
[29/May/2016 04:59:26] "GET /static/admin/js/jquery.init.js HTTP/1.1" 200 326
[29/May/2016 04:59:35] "GET /vendas/admin/vendas/ HTTP/1.1" 200 19154
[29/May/2016 04:59:38] "GET /vendas/admin/vendas/movimentacoesfinaneiras/ HTTP/1.1" 200 18380
[29/May/2016 04:59:38] "GET /vendas/admin/jsi18n/ HTTP/1.1" 200 6605
[29/May/2016 04:59:59] "GET /vendas/admin/vendas/movimentacoesfinaneiras/93/ HTTP/1.1" 200 19751
[29/May/2016 05:00:00] "GET /static/admin/css/forms.css HTTP/1.1" 200 6283
[29/May/2016 05:00:00] "GET /vendas/admin/jsi18n/ HTTP/1.1" 200 6605
[29/May/2016 05:00:00] "GET /static/admin/js/related-widget-wrapper.js HTTP/1.1" 200 857
[29/May/2016 05:00:00] "GET /static/admin/js/calendar.js HTTP/1.1" 200 5969
[29/May/2016 05:00:00] "GET /static/admin/js/admin/DateTimeShortcuts.js HTTP/1.1" 200 17167
[29/May/2016 05:00:00] "GET /static/admin/css/widgets.css HTTP/1.1" 200 10590
[29/May/2016 05:00:00] "GET /static/admin/img/icon_calendar.gif HTTP/1.1" 200 192
